<?xml version="1.0" encoding="UTF-8"?>
<!-- Generated by org.testng.reporters.JUnitReportReporter -->
<testsuite hostname="mindc1d406" failures="0" tests="1" name="com.mindtree.P4.P4" time="3.132" errors="0" timestamp="23 May 2022 10:34:55 GMT" skipped="0">
  <testcase classname="com.mindtree.P4.P4" name="Test1" time="3.132"/>
</testsuite> <!-- com.mindtree.P4.P4 -->
