<?xml version="1.0" encoding="UTF-8"?>
<!-- Generated by org.testng.reporters.JUnitReportReporter -->
<testsuite hostname="mindc1d406" failures="0" tests="1" name="com.mindtree.P1.P1" time="4.155" errors="0" timestamp="21 May 2022 16:26:31 GMT" skipped="0">
  <testcase classname="com.mindtree.P1.P1" name="Test1" time="4.155"/>
</testsuite> <!-- com.mindtree.P1.P1 -->
